{"result":true,"order_id":18320402540}open short eth_usd this_week  1000at970.9699999999999
{"result":true,"order_id":18320887233}open short eth_usd this_week  1000at967.639
{"result":false,"error_code":20018}open long eth_usd this_week  2000at1010
{"result":true,"order_id":18333736090}close short eth_usd this_week  500at945
{"result":false,"error_code":20018}open long eth_usd this_week  965at1000
{"result":true,"order_id":18335788111}open long eth_usd this_week  1000at965
{"result":true,"order_id":18336658713}open short eth_usd this_week  1000at961.576
{"result":true,"order_id":18337876129}open short eth_usd this_week  500at974
{"result":true,"order_id":18338068264}close long eth_usd this_week  1000at973.17
{"result":true,"order_id":18350736001}close short eth_usd this_week  2000at940
{"result":true,"order_id":18375471070}close short eth_usd this_week  1000at963.826
{"result":true,"order_id":18405650213}open short eth_usd this_week  2000at984
{"result":true,"order_id":18410086967}open short eth_usd this_week  2000at994.96918
{"result":true,"order_id":18410087465}open long eth_usd this_week  2000at975.26682
{"result":true,"order_id":18410217218}open short eth_usd this_week  2000at988.2268129999999
{"result":true,"order_id":18410217785}open long eth_usd this_week  2000at982.3151869999999
{"result":true,"order_id":18420247061}close long eth_usd this_week  2000at990
{"result":true,"order_id":18426134410}close long eth_usd this_week  1557at983
{"result":true,"order_id":18427311235}close long eth_usd this_week  1534at982.444
{"result":true,"order_id":18427672015}open short eth_usd this_week  2000at990
{"result":true,"order_id":18428564476}open short eth_usd this_week  2000at990
{"result":true,"order_id":18430215270}open long eth_usd this_week  1000at990
{"result":true,"order_id":18445413622}close short eth_usd this_week  2000at965
{"result":true,"order_id":18449806446}close short eth_usd this_week  1000at973.884141
{"result":true,"order_id":18449891587}open long eth_usd this_week  1000at974.86
2018-01-06 15:55:50.626262{"result":false,"error_code":20016}close long eth_usd this_week  1000at992.7
2018-01-06 16:30:15.360811{"result":true,"order_id":18463971671}close short eth_usd this_week  1000at1000
2018-01-06 16:43:02.002626{"result":true,"order_id":18465285966}close short eth_usd this_week  1000at1009.193
2018-01-06 16:43:02.324763{"result":true,"order_id":18465286535}open long eth_usd this_week  1000at1009.193
2018-01-06 16:54:23.937369{"result":true,"order_id":18466440121}close short eth_usd this_week  2000at940
2018-01-07 03:43:20.726823{"result":false,"error_code":20016}close short eth_usd this_week  2000at1030
2018-01-07 03:55:14.828351{"result":true,"order_id":18532717505}close long eth_usd this_week  1000at1046.621
2018-01-07 04:04:22.570909{"result":true,"order_id":18533668064}open long eth_usd this_week  2000at1054.6
2018-01-07 04:07:53.279550{"result":true,"order_id":18534036018}open long eth_usd this_week  2000at1053.64
2018-01-07 04:10:31.743929{"result":true,"order_id":18534314514}close long eth_usd this_week  2000at1065
2018-01-07 04:12:21.199694{"result":true,"order_id":18534503887}close long eth_usd this_week  2000at1049.49
2018-01-07 10:54:00.829360{"result":true,"order_id":18574347916}open long eth_usd this_week  3000at1088
2018-01-07 12:13:46.967162{"result":true,"order_id":18582278586}close short eth_usd this_week  2000at1000
2018-01-07 12:14:04.250810{"result":true,"order_id":18582306996}close short eth_usd this_week  1000at950
2018-01-07 12:15:04.035129{"result":true,"order_id":18582405901}close long eth_usd this_week  2000at1100
2018-01-07 12:15:04.313106{"result":true,"order_id":18582406381}close short eth_usd this_week  2000at900
2018-01-08 00:31:12.109060{"result":true,"order_id":18654971149}close long eth_usd this_week  1000at1149.132
2018-01-08 00:33:02.940094{"result":true,"order_id":18655155277}close short eth_usd this_week  1000at1153.57
2018-01-08 00:34:23.226090{"result":true,"order_id":18655287729}close short eth_usd this_week  1000at1156.82
2018-01-08 00:40:03.116322{"result":false,"error_code":20007}close long eth_usd this_week  0at1154.732
2018-01-08 00:40:03.427494{"result":true,"order_id":18655840295}close short eth_usd this_week  3196at1154.732
2018-01-08 03:22:24.753042{"result":true,"order_id":18671859351}open short eth_usd this_week  1000at1185.689
2018-01-08 03:24:44.523665{"result":true,"order_id":18672081177}close short eth_usd this_week  1000at1180
2018-01-08 15:40:14.544639{"result":true,"order_id":18741496328}open short eth_usd this_week  1000at1055.08
2018-01-08 16:15:50.129794{"result":true,"order_id":18744957063}open long eth_usd this_week  1000at1096.39
