{"result":true,"order_id":18320402540}open short eth_usd this_week  1000at970.9699999999999
{"result":true,"order_id":18320887233}open short eth_usd this_week  1000at967.639
{"result":false,"error_code":20018}open long eth_usd this_week  2000at1010
{"result":true,"order_id":18333736090}close short eth_usd this_week  500at945
{"result":false,"error_code":20018}open long eth_usd this_week  965at1000
{"result":true,"order_id":18335788111}open long eth_usd this_week  1000at965
{"result":true,"order_id":18336658713}open short eth_usd this_week  1000at961.576
{"result":true,"order_id":18337876129}open short eth_usd this_week  500at974
{"result":true,"order_id":18338068264}close long eth_usd this_week  1000at973.17
{"result":true,"order_id":18350736001}close short eth_usd this_week  2000at940
{"result":true,"order_id":18375471070}close short eth_usd this_week  1000at963.826
{"result":true,"order_id":18405650213}open short eth_usd this_week  2000at984
{"result":true,"order_id":18410086967}open short eth_usd this_week  2000at994.96918
{"result":true,"order_id":18410087465}open long eth_usd this_week  2000at975.26682
{"result":true,"order_id":18410217218}open short eth_usd this_week  2000at988.2268129999999
{"result":true,"order_id":18410217785}open long eth_usd this_week  2000at982.3151869999999
{"result":true,"order_id":18420247061}close long eth_usd this_week  2000at990
{"result":true,"order_id":18426134410}close long eth_usd this_week  1557at983
{"result":true,"order_id":18427311235}close long eth_usd this_week  1534at982.444
{"result":true,"order_id":18427672015}open short eth_usd this_week  2000at990
{"result":true,"order_id":18428564476}open short eth_usd this_week  2000at990
{"result":true,"order_id":18430215270}open long eth_usd this_week  1000at990
{"result":true,"order_id":18445413622}close short eth_usd this_week  2000at965
{"result":true,"order_id":18449806446}close short eth_usd this_week  1000at973.884141
{"result":true,"order_id":18449891587}open long eth_usd this_week  1000at974.86
2018-01-06 15:55:50.626262{"result":false,"error_code":20016}close long eth_usd this_week  1000at992.7
2018-01-06 16:30:15.360811{"result":true,"order_id":18463971671}close short eth_usd this_week  1000at1000
2018-01-06 16:43:02.002626{"result":true,"order_id":18465285966}close short eth_usd this_week  1000at1009.193
2018-01-06 16:43:02.324763{"result":true,"order_id":18465286535}open long eth_usd this_week  1000at1009.193
2018-01-06 16:54:23.937369{"result":true,"order_id":18466440121}close short eth_usd this_week  2000at940
2018-01-07 03:43:20.726823{"result":false,"error_code":20016}close short eth_usd this_week  2000at1030
2018-01-07 03:55:14.828351{"result":true,"order_id":18532717505}close long eth_usd this_week  1000at1046.621
2018-01-07 04:04:22.570909{"result":true,"order_id":18533668064}open long eth_usd this_week  2000at1054.6
2018-01-07 04:07:53.279550{"result":true,"order_id":18534036018}open long eth_usd this_week  2000at1053.64
2018-01-07 04:10:31.743929{"result":true,"order_id":18534314514}close long eth_usd this_week  2000at1065
2018-01-07 04:12:21.199694{"result":true,"order_id":18534503887}close long eth_usd this_week  2000at1049.49
2018-01-07 10:54:00.829360{"result":true,"order_id":18574347916}open long eth_usd this_week  3000at1088
2018-01-07 12:13:46.967162{"result":true,"order_id":18582278586}close short eth_usd this_week  2000at1000
2018-01-07 12:14:04.250810{"result":true,"order_id":18582306996}close short eth_usd this_week  1000at950
2018-01-07 12:15:04.035129{"result":true,"order_id":18582405901}close long eth_usd this_week  2000at1100
2018-01-07 12:15:04.313106{"result":true,"order_id":18582406381}close short eth_usd this_week  2000at900
2018-01-08 00:31:12.109060{"result":true,"order_id":18654971149}close long eth_usd this_week  1000at1149.132
2018-01-08 00:33:02.940094{"result":true,"order_id":18655155277}close short eth_usd this_week  1000at1153.57
2018-01-08 00:34:23.226090{"result":true,"order_id":18655287729}close short eth_usd this_week  1000at1156.82
2018-01-08 00:40:03.116322{"result":false,"error_code":20007}close long eth_usd this_week  0at1154.732
2018-01-08 00:40:03.427494{"result":true,"order_id":18655840295}close short eth_usd this_week  3196at1154.732
2018-01-08 03:22:24.753042{"result":true,"order_id":18671859351}open short eth_usd this_week  1000at1185.689
2018-01-08 03:24:44.523665{"result":true,"order_id":18672081177}close short eth_usd this_week  1000at1180
2018-01-08 15:40:14.544639{"result":true,"order_id":18741496328}open short eth_usd this_week  1000at1055.08
2018-01-08 16:15:50.129794{"result":true,"order_id":18744957063}open long eth_usd this_week  1000at1096.39
2018-01-10 06:35:45.218642{"result":true,"order_id":18927998239}close long eth_usd this_week  1000at1268
2018-01-10 06:38:52.601792{"result":false,"error_code":20016}close long eth_usd this_week  1000at1272.481
2018-01-10 06:39:42.748379{"result":false,"error_code":20016}close long eth_usd this_week  1000at1273
2018-01-10 06:40:21.746579{"result":true,"order_id":18928496198}close long eth_usd this_week  705at1272.122
2018-01-10 06:43:08.039112{"result":false,"error_code":20016}close long eth_usd this_week  705at1275.849
2018-01-10 06:45:19.098618{"result":false,"error_code":20016}close short eth_usd this_week  1010at1282.23
2018-01-10 06:45:58.351477{"result":true,"order_id":18929102303}close short eth_usd this_week  510at1278.96
2018-01-10 06:53:32.292302{"result":true,"order_id":18929918395}open short eth_usd this_week  1000at1270.823
2018-01-10 07:02:08.354957{"result":true,"order_id":18930847831}close short eth_usd this_week  1000at1271.438
2018-01-10 07:07:31.682760{"result":true,"order_id":18931420753}open long eth_usd this_week  1000at1276.1891868
2018-01-10 07:07:31.760880{"result":false,"error_code":20016}close short eth_usd this_week  1000at1275.6788132
2018-01-10 07:08:25.198484{"result":false,"error_code":20016}close short eth_usd this_week  1000at1280.033942
2018-01-10 07:09:15.050878{"result":true,"order_id":18931602676}close short eth_usd this_week  848at1280.6238240000002
2018-01-10 07:28:14.651388{"result":true,"order_id":18933577079}open short eth_usd this_week  1000at1270.184
2018-01-10 07:28:14.763668{"result":true,"order_id":18933577263}close long eth_usd this_week  1000at1270.184
2018-01-10 07:30:15.963933{"result":true,"order_id":18933786885}open long eth_usd this_week  1000at1276.95534
2018-01-10 08:15:10.385978{"result":true,"order_id":18938541906}close long eth_usd this_week  1000at1268.742
2018-01-10 08:24:17.776611{"result":true,"order_id":18939502987}close short eth_usd this_week  1000at1228
2018-01-10 08:25:02.682855{"result":true,"order_id":18939584014}open long eth_usd this_week  2000at1242.1365230000001
2018-01-10 08:27:15.636068{"result":true,"order_id":18939820989}open long eth_usd this_week  2000at1230.282
2018-01-10 08:31:39.510914{"result":false,"error_code":20016}close long eth_usd this_week  2000at1247
2018-01-10 08:33:59.351781{"result":true,"order_id":18940518343}close long eth_usd this_week  1235at1249
2018-01-10 08:33:59.934657{"result":false,"error_code":20016}close long eth_usd this_week  1235at1249
2018-01-10 08:39:52.468823{"result":true,"order_id":18941121590}open short eth_usd this_week  1000at1254.934
2018-01-10 08:58:14.280353{"result":true,"order_id":18942986897}open long eth_usd this_week  1000at1255.721
2018-01-10 08:58:14.354642{"result":true,"order_id":18942987031}close short eth_usd this_week  1000at1255.721
2018-01-10 09:03:33.668787{"result":true,"order_id":18943516764}open long eth_usd this_week  1000at1256
2018-01-10 09:03:33.776526{"result":true,"order_id":18943516919}close short eth_usd this_week  1000at1256
2018-01-10 09:06:41.214107{"result":true,"order_id":18943829345}close short eth_usd this_week  1000at1261.789
2018-01-10 09:09:52.292792{"result":true,"order_id":18944148818}open long eth_usd this_week  1000at1269.999
2018-01-10 18:12:23.714018{"result":true,"order_id":18997605792}open long eth_usd this_week  1000at1271.07
2018-01-10 18:33:25.042030{"result":true,"order_id":18999718571}close long eth_usd this_week  1000at1258.899
2018-01-10 18:33:46.747112{"result":true,"order_id":18999754490}close long eth_usd this_week  1000at1258.573
2018-01-10 18:41:02.792235{"result":true,"order_id":19000476737}open long eth_usd this_week  5.638087215016435at1253.892
2018-01-10 18:41:02.888689{"result":false,"error_code":20016}close long eth_usd this_week  5.638087215016435at1260.1614599999998
2018-01-10 18:41:02.995307{"result":true,"order_id":19000477055}open short eth_usd this_week  5.638087215016435at1253.892
2018-01-10 18:41:03.182750{"result":true,"order_id":19000477340}close short eth_usd this_week  5.638087215016435at1247.62254
2018-01-10 18:45:35.214032{"result":true,"order_id":19000924115}open long eth_usd this_week  5.487564573680569at1257.001
2018-01-10 18:45:35.323445{"result":true,"order_id":19000924292}close long eth_usd this_week  5.487564573680569at1263.286005
2018-01-10 18:46:10.854641{"result":true,"order_id":19000983320}open long eth_usd this_week  5.4391978581146185at1258
2018-01-10 18:46:10.948466{"result":false,"error_code":20016}close long eth_usd this_week  5.4391978581146185at1264.29
2018-01-10 18:50:35.354734{"result":true,"order_id":19001422022}open long eth_usd this_week  5.072162752303355at1265.581
2018-01-10 18:50:35.495338{"result":false,"error_code":20016}close long eth_usd this_week  5.072162752303355at1271.9089049999998
2018-01-10 18:56:11.354754{"result":true,"order_id":19002005543}open long eth_usd this_week  5.128372719042153at1264.42
2018-01-10 18:56:11.479708{"result":true,"order_id":19002005746}close long eth_usd this_week  5.128372719042153at1270.7421
2018-01-10 19:09:13.807833{"result":true,"order_id":19003344595}open long eth_usd this_week  5.051876812541456at1266
2018-01-10 19:09:13.932809{"result":true,"order_id":19003344777}close long eth_usd this_week  5.051876812541456at1272.33
2018-01-10 19:15:49.979656{"result":true,"order_id":19004022779}open long eth_usd this_week  5.051876812541456at1266
2018-01-10 19:15:50.073377{"result":true,"order_id":19004022934}close long eth_usd this_week  5.051876812541456at1272.33
2018-01-10 19:19:44.089992{"result":true,"order_id":19004428596}open long eth_usd this_week  4.625194265711916at1274.813
2018-01-10 19:19:44.211987{"result":true,"order_id":19004428799}close long eth_usd this_week  4.625194265711916at1281.187065
2018-01-10 19:25:01.333071{"result":true,"order_id":19004978559}open long eth_usd this_week  44at1277.5
2018-01-10 19:25:01.436589{"result":false,"error_code":20016}close long eth_usd this_week  44at1283.8874999999998
2018-01-10 19:28:04.386786{"result":true,"order_id":19005291750}open long eth_usd this_week  48at1269.916
2018-01-10 19:29:51.338951{"result":true,"order_id":19005476699}open long eth_usd this_week  45at1275.58
2018-01-10 19:29:51.432735{"result":true,"order_id":19005476864}close long eth_usd this_week  45at1281.9578999999999
2018-01-10 19:31:12.948329{"result":true,"order_id":19005620720}open long eth_usd this_week  42at1283.26
2018-01-10 19:31:13.026518{"result":false,"error_code":20016}close long eth_usd this_week  42at1289.6762999999999
2018-01-10 19:35:06.838917{"result":true,"order_id":19006032127}open long eth_usd this_week  38at1290.924
2018-01-10 19:35:06.961949{"result":true,"order_id":19006032328}close long eth_usd this_week  38at1297.3786199999997
2018-01-10 19:40:30.151467{"result":true,"order_id":19006600056}open long eth_usd this_week  2000at1294.096
2018-01-10 19:41:10.057699{"result":true,"order_id":19006668385}open long eth_usd this_week  36at1295.321
2018-01-10 19:41:10.167091{"result":true,"order_id":19006668602}close long eth_usd this_week  36at1301.7976049999997
2018-01-10 19:41:10.307691{"result":true,"order_id":19006668806}open short eth_usd this_week  36at1295.321
2018-01-10 19:41:10.424909{"result":true,"order_id":19006669055}close short eth_usd this_week  36at1288.8443949999998
2018-01-10 19:42:01.307764{"result":true,"order_id":19006760036}open long eth_usd this_week  33at1301.841
2018-01-10 19:42:01.438524{"result":true,"order_id":19006760221}close long eth_usd this_week  33at1308.3502049999997
2018-01-10 19:42:01.542091{"result":true,"order_id":19006760390}open short eth_usd this_week  33at1301.841
2018-01-10 19:42:01.673272{"result":true,"order_id":19006760606}close short eth_usd this_week  33at1295.3317949999998
2018-01-10 19:44:44.428740{"result":true,"order_id":19007046244}open long eth_usd this_week  28at1311.505
2018-01-10 19:44:44.531510{"result":true,"order_id":19007046418}close long eth_usd this_week  28at1318.062525
2018-01-10 19:44:44.635894{"result":true,"order_id":19007046632}open short eth_usd this_week  28at1311.505
2018-01-10 19:44:44.729592{"result":true,"order_id":19007046792}close short eth_usd this_week  28at1304.9474750000002
2018-01-10 19:46:46.745182{"result":true,"order_id":19007255770}open long eth_usd this_week  31at1304.898
2018-01-10 19:46:46.853547{"result":true,"order_id":19007255922}close long eth_usd this_week  31at1311.4224899999997
2018-01-10 19:46:46.986367{"result":true,"order_id":19007256111}open short eth_usd this_week  31at1304.898
2018-01-10 19:46:47.104559{"result":true,"order_id":19007256314}close short eth_usd this_week  31at1298.37351
2018-01-10 19:50:41.474664{"result":true,"order_id":19007659912}open long eth_usd this_week  27at1313.297
2018-01-10 19:50:41.566459{"result":true,"order_id":19007660102}close long eth_usd this_week  27at1319.8634849999999
2018-01-10 19:50:41.692390{"result":true,"order_id":19007660274}open short eth_usd this_week  27at1313.297
2018-01-10 19:50:41.804714{"result":true,"order_id":19007660542}close short eth_usd this_week  27at1306.730515
2018-01-10 19:56:19.292134{"result":true,"order_id":19008233720}close short eth_usd this_week  1000at1317.522
2018-01-10 19:56:52.792168{"result":true,"order_id":19008292561}open long eth_usd this_week  1000at1318.288
2018-01-10 19:57:31.479681{"result":true,"order_id":19008359334}open long eth_usd this_week  24at1320
2018-01-10 19:57:31.620248{"result":true,"order_id":19008359598}close long eth_usd this_week  24at1326.6
2018-01-10 19:57:31.728644{"result":true,"order_id":19008359824}open short eth_usd this_week  24at1320
2018-01-10 19:57:31.870248{"result":false,"error_code":20016}close short eth_usd this_week  24at1313.4
2018-01-10 20:00:35.011838{"result":true,"order_id":19008673125}open long eth_usd this_week  27at1312.929
2018-01-10 20:00:35.109464{"result":true,"order_id":19008673305}close long eth_usd this_week  27at1319.493645
2018-01-10 20:00:35.221801{"result":true,"order_id":19008673499}open short eth_usd this_week  27at1312.929
2018-01-10 20:00:35.504059{"result":false,"error_code":20016}close short eth_usd this_week  27at1306.3643550000002
2018-01-10 20:01:02.073433{"result":true,"order_id":19008718476}close long eth_usd this_week  1000at1314.461
2018-01-10 20:01:57.401568{"result":true,"order_id":19008810236}open long eth_usd this_week  29at1309.101
2018-01-10 20:01:57.527433{"result":true,"order_id":19008810418}close long eth_usd this_week  29at1315.646505
2018-01-10 20:01:57.629001{"result":true,"order_id":19008810601}open short eth_usd this_week  29at1309.101
2018-01-10 20:01:57.710059{"result":true,"order_id":19008810787}close short eth_usd this_week  29at1302.555495
2018-01-10 20:03:28.198462{"result":true,"order_id":19008960631}open long eth_usd this_week  31at1306.056
2018-01-10 20:03:28.307748{"result":true,"order_id":19008960785}close long eth_usd this_week  31at1312.58628
2018-01-10 20:03:28.417138{"result":true,"order_id":19008960982}open short eth_usd this_week  31at1306.056
2018-01-10 20:03:28.510898{"result":true,"order_id":19008961156}close short eth_usd this_week  31at1299.52572
2018-01-10 20:08:03.276535{"result":true,"order_id":19009417807}open long eth_usd this_week  27at1313.11
2018-01-10 20:08:03.417143{"result":true,"order_id":19009418043}close long eth_usd this_week  27at1319.6755499999997
2018-01-10 20:08:03.510932{"result":true,"order_id":19009418258}open short eth_usd this_week  27at1313.11
2018-01-10 20:08:03.651521{"result":true,"order_id":19009418460}close short eth_usd this_week  27at1306.5444499999999
2018-01-10 20:08:13.479666{"result":true,"order_id":19009434499}open long eth_usd this_week  26at1316.131
2018-01-10 20:08:13.656377{"result":true,"order_id":19009434725}close long eth_usd this_week  26at1322.7116549999998
2018-01-10 20:08:13.745335{"result":true,"order_id":19009434933}open short eth_usd this_week  26at1316.131
2018-01-10 20:08:13.854649{"result":true,"order_id":19009435138}close short eth_usd this_week  26at1309.550345
2018-01-10 20:10:18.714003{"result":true,"order_id":19009643816}open long eth_usd this_week  29at1309.55
2018-01-10 20:10:18.839963{"result":true,"order_id":19009643996}close long eth_usd this_week  29at1316.09775
2018-01-10 20:10:18.922217{"result":true,"order_id":19009644138}open short eth_usd this_week  29at1309.55
2018-01-10 20:10:19.026566{"result":true,"order_id":19009644335}close short eth_usd this_week  29at1303.00225
2018-01-10 20:11:43.104700{"result":true,"order_id":19009788252}open long eth_usd this_week  30at1306.421
2018-01-10 20:11:43.214051{"result":true,"order_id":19009788434}close long eth_usd this_week  30at1312.9531049999998
2018-01-10 20:11:43.307791{"result":true,"order_id":19009788605}open short eth_usd this_week  30at1306.421
2018-01-10 20:11:43.401525{"result":false,"error_code":20016}close short eth_usd this_week  30at1299.888895
2018-01-10 20:12:51.589057{"result":true,"order_id":19009903770}open long eth_usd this_week  33at1302
2018-01-10 20:12:51.706185{"result":true,"order_id":19009903968}close long eth_usd this_week  33at1308.5099999999998
2018-01-10 20:12:51.823468{"result":true,"order_id":19009904171}open short eth_usd this_week  33at1302
2018-01-10 20:12:51.917151{"result":true,"order_id":19009904336}close short eth_usd this_week  33at1295.49
2018-01-10 20:13:14.917213{"result":true,"order_id":19009942772}open long eth_usd this_week  34at1299.459
2018-01-10 20:13:15.042190{"result":true,"order_id":19009942962}close long eth_usd this_week  34at1305.956295
2018-01-10 20:13:15.214068{"result":true,"order_id":19009943233}open short eth_usd this_week  34at1299.459
2018-01-10 20:13:15.323455{"result":true,"order_id":19009943430}close short eth_usd this_week  34at1292.9617050000002
2018-01-10 20:13:22.526543{"result":true,"order_id":19009955540}open long eth_usd this_week  36at1295.476
2018-01-10 20:13:22.620323{"result":true,"order_id":19009955728}close long eth_usd this_week  36at1301.95338
2018-01-10 20:13:22.717910{"result":true,"order_id":19009955865}open short eth_usd this_week  36at1295.476
2018-01-10 20:13:22.792122{"result":false,"error_code":20016}close short eth_usd this_week  36at1288.99862
2018-01-10 20:15:24.620333{"result":true,"order_id":19010158569}open long eth_usd this_week  32at1302.269
2018-01-10 20:15:24.775537{"result":true,"order_id":19010158776}close long eth_usd this_week  32at1308.780345
2018-01-10 20:15:24.901574{"result":true,"order_id":19010159049}open short eth_usd this_week  32at1302.269
2018-01-10 20:15:25.010921{"result":true,"order_id":19010159235}close short eth_usd this_week  32at1295.7576549999999
2018-01-10 20:20:01.870388{"result":true,"order_id":19010621818}open long eth_usd this_week  30at1306.421
2018-01-10 20:20:01.979686{"result":true,"order_id":19010621999}close long eth_usd this_week  30at1312.9531049999998
2018-01-10 20:20:02.104686{"result":true,"order_id":19010622184}open short eth_usd this_week  30at1306.421
2018-01-10 20:20:02.198403{"result":true,"order_id":19010622346}close short eth_usd this_week  30at1299.888895
2018-01-10 20:23:12.513947{"result":true,"order_id":19010936052}open long eth_usd this_week  29at1309.999
2018-01-10 20:23:12.760968{"result":true,"order_id":19010936217}close long eth_usd this_week  29at1316.5489949999999
2018-01-10 20:23:12.867367{"result":true,"order_id":19010936692}open short eth_usd this_week  29at1309.999
2018-01-10 20:23:12.962349{"result":true,"order_id":19010936876}close short eth_usd this_week  29at1303.449005
2018-01-10 20:24:56.807757{"result":true,"order_id":19011108397}open long eth_usd this_week  27at1314
2018-01-10 20:24:56.924383{"result":true,"order_id":19011108580}close long eth_usd this_week  27at1320.57
2018-01-10 20:24:57.050904{"result":true,"order_id":19011108796}open short eth_usd this_week  27at1314
2018-01-10 20:24:57.159314{"result":true,"order_id":19011109009}close short eth_usd this_week  27at1307.43
2018-01-10 20:31:44.901464{"result":true,"order_id":19011686424}open long eth_usd this_week  30at1307.015
2018-01-10 20:31:44.995155{"result":true,"order_id":19011686584}close long eth_usd this_week  30at1313.5500749999999
2018-01-10 20:31:45.245135{"result":true,"order_id":19011686967}open short eth_usd this_week  30at1307.015
2018-01-10 20:31:45.354564{"result":true,"order_id":19011687212}close short eth_usd this_week  30at1300.479925
2018-01-10 20:32:13.323317{"result":true,"order_id":19011735091}open long eth_usd this_week  33at1301.445
2018-01-10 20:32:13.417043{"result":true,"order_id":19011735233}close long eth_usd this_week  33at1307.9522249999998
2018-01-10 20:32:13.510796{"result":true,"order_id":19011735404}open short eth_usd this_week  33at1301.445
2018-01-10 20:32:13.620160{"result":true,"order_id":19011735577}close short eth_usd this_week  33at1294.9377749999999
2018-01-10 20:33:55.354566{"result":true,"order_id":19011909901}open long eth_usd this_week  29at1308.593
2018-01-10 20:33:55.432682{"result":false,"error_code":20016}close long eth_usd this_week  29at1315.135965
2018-01-10 20:33:55.546133{"result":true,"order_id":19011910194}open short eth_usd this_week  29at1308.593
2018-01-10 20:33:55.713927{"result":true,"order_id":19011910485}close short eth_usd this_week  29at1302.050035
2018-01-10 20:38:54.667961{"result":true,"order_id":19012409334}open long eth_usd this_week  31at1304.988
2018-01-10 20:38:54.775352{"result":true,"order_id":19012409516}close long eth_usd this_week  31at1311.5129399999998
2018-01-10 20:38:54.860413{"result":true,"order_id":19012409630}open short eth_usd this_week  31at1304.988
2018-01-10 20:38:54.959959{"result":true,"order_id":19012409805}close short eth_usd this_week  31at1298.46306
2018-01-10 20:40:42.073266{"result":true,"order_id":19012585359}open long eth_usd this_week  33at1301.445
2018-01-10 20:40:42.198271{"result":true,"order_id":19012585546}close long eth_usd this_week  33at1307.9522249999998
2018-01-10 20:40:42.292026{"result":true,"order_id":19012585714}open short eth_usd this_week  33at1301.445
2018-01-10 20:40:42.385811{"result":true,"order_id":19012585855}close short eth_usd this_week  33at1294.9377749999999
2018-01-10 20:44:05.745382{"result":true,"order_id":19012917241}open long eth_usd this_week  29at1309.205
2018-01-10 20:44:05.823507{"result":false,"error_code":20016}close long eth_usd this_week  29at1315.7510249999998
2018-01-10 20:44:05.917284{"result":true,"order_id":19012917556}open short eth_usd this_week  29at1309.205
2018-01-10 20:44:06.057923{"result":true,"order_id":19012917769}close short eth_usd this_week  29at1302.6589749999998
2018-01-10 20:47:59.886004{"result":true,"order_id":19013306017}open long eth_usd this_week  33at1300.479
2018-01-10 20:47:59.995375{"result":true,"order_id":19013306183}close long eth_usd this_week  33at1306.9813949999998
2018-01-10 20:48:00.120372{"result":true,"order_id":19013306338}open short eth_usd this_week  33at1300.479
2018-01-10 20:48:00.261051{"result":true,"order_id":19013306587}close short eth_usd this_week  33at1293.976605
2018-01-10 20:48:00.948516{"result":true,"order_id":19013307714}open long eth_usd this_week  33at1300.479
2018-01-10 20:48:01.042298{"result":true,"order_id":19013307877}close long eth_usd this_week  33at1306.9813949999998
2018-01-10 20:48:01.151714{"result":true,"order_id":19013308017}open short eth_usd this_week  33at1300.479
2018-01-10 20:48:01.261049{"result":true,"order_id":19013308181}close short eth_usd this_week  33at1293.976605
2018-01-10 20:57:42.542274{"result":true,"order_id":19014260424}open long eth_usd this_week  34at1298.185
2018-01-10 20:57:42.667285{"result":true,"order_id":19014260647}close long eth_usd this_week  34at1304.6759249999998
2018-01-10 20:57:42.792282{"result":true,"order_id":19014260872}open short eth_usd this_week  34at1298.185
2018-01-10 20:57:42.886079{"result":true,"order_id":19014261047}close short eth_usd this_week  34at1291.6940749999999
2018-01-10 21:07:42.854805{"result":true,"order_id":19015264625}open long eth_usd this_week  31at1304.819
2018-01-10 21:07:42.948559{"result":true,"order_id":19015264792}close long eth_usd this_week  31at1311.3430949999997
2018-01-10 21:07:43.057860{"result":true,"order_id":19015264975}open short eth_usd this_week  31at1304.819
2018-01-10 21:07:43.136005{"result":true,"order_id":19015265097}close short eth_usd this_week  31at1298.294905
2018-01-10 21:10:01.011060{"result":true,"order_id":19015495878}open long eth_usd this_week  30at1307.65
2018-01-10 21:10:01.136048{"result":true,"order_id":19015496058}close long eth_usd this_week  30at1314.18825
2018-01-10 21:10:01.245377{"result":true,"order_id":19015496207}open short eth_usd this_week  30at1307.65
2018-01-10 21:10:01.354793{"result":true,"order_id":19015496354}close short eth_usd this_week  30at1301.11175
2018-01-10 21:10:02.057902{"result":true,"order_id":19015497443}open long eth_usd this_week  30at1307.65
2018-01-10 21:10:02.151669{"result":true,"order_id":19015497581}close long eth_usd this_week  30at1314.18825
2018-01-10 21:10:02.323545{"result":true,"order_id":19015497792}open short eth_usd this_week  30at1307.65
2018-01-10 21:10:02.464196{"result":true,"order_id":19015497995}close short eth_usd this_week  30at1301.11175
2018-01-10 21:16:49.776759{"result":true,"order_id":19016162061}open long eth_usd this_week  31at1305
2018-01-10 21:16:49.979797{"result":true,"order_id":19016162344}close long eth_usd this_week  31at1311.5249999999999
2018-01-10 21:16:50.073551{"result":true,"order_id":19016162555}open short eth_usd this_week  31at1305
2018-01-10 21:16:50.167292{"result":true,"order_id":19016162717}close short eth_usd this_week  31at1298.475
2018-01-10 21:28:11.151537{"result":true,"order_id":19017270137}open long eth_usd this_week  28at1312
2018-01-10 21:28:11.229646{"result":true,"order_id":19017270268}close long eth_usd this_week  28at1318.56
2018-01-10 21:28:11.323421{"result":true,"order_id":19017270427}open short eth_usd this_week  28at1312
2018-01-10 21:28:11.448407{"result":true,"order_id":19017270617}close short eth_usd this_week  28at1305.44
2018-01-10 21:30:39.042252{"result":true,"order_id":19017511037}open long eth_usd this_week  27at1314.307
2018-01-10 21:30:39.151515{"result":true,"order_id":19017511225}close long eth_usd this_week  27at1320.8785349999998
2018-01-10 21:30:39.229624{"result":true,"order_id":19017511340}open short eth_usd this_week  27at1314.307
2018-01-10 21:30:39.354649{"result":true,"order_id":19017511510}close short eth_usd this_week  27at1307.735465
2018-01-10 21:30:41.338990{"result":true,"order_id":19017514734}open long eth_usd this_week  27at1314.307
2018-01-10 21:30:41.433111{"result":true,"order_id":19017514953}close long eth_usd this_week  27at1320.8785349999998
2018-01-10 21:30:41.526541{"result":true,"order_id":19017515119}open short eth_usd this_week  27at1314.307
2018-01-10 21:30:41.620254{"result":true,"order_id":19017515274}close short eth_usd this_week  27at1307.735465
2018-01-10 21:36:44.963928{"result":true,"order_id":19018106016}open long eth_usd this_week  134at1314.735
2018-01-10 21:36:45.073330{"result":true,"order_id":19018106200}close long eth_usd this_week  134at1321.3086749999998
2018-01-10 21:39:01.573275{"result":true,"order_id":19018326542}open long eth_usd this_week  23at1320.878
2018-01-10 21:39:01.651393{"result":false,"error_code":20016}close long eth_usd this_week  23at1327.48239
2018-01-10 21:39:01.776370{"result":true,"order_id":19018326851}open short eth_usd this_week  23at1320.878
2018-01-10 21:39:01.901437{"result":true,"order_id":19018327056}close short eth_usd this_week  23at1314.27361
2018-01-10 21:39:07.296538{"result":true,"order_id":19018335214}open long eth_usd this_week  118at1321.35
2018-01-10 21:39:07.401432{"result":false,"error_code":20016}close long eth_usd this_week  118at1327.9567499999998
2018-01-10 21:39:07.598661{"result":true,"order_id":19018335692}open long eth_usd this_week  23at1321.35
2018-01-10 21:39:07.698283{"result":false,"error_code":20016}close long eth_usd this_week  23at1327.9567499999998
2018-01-10 21:39:07.830509{"result":true,"order_id":19018336038}open short eth_usd this_week  23at1321.35
2018-01-10 21:39:07.956079{"result":true,"order_id":19018336243}close short eth_usd this_week  23at1314.74325
2018-01-10 21:41:50.385895{"result":true,"order_id":19018596389}open long eth_usd this_week  19at1329.893
2018-01-10 21:41:50.479574{"result":false,"error_code":20016}close long eth_usd this_week  19at1336.542465
2018-01-10 21:41:50.620205{"result":true,"order_id":19018596772}open short eth_usd this_week  19at1329.893
2018-01-10 21:41:50.776455{"result":true,"order_id":19018597050}close short eth_usd this_week  19at1323.243535
2018-01-10 21:41:53.010810{"result":true,"order_id":19018600714}open long eth_usd this_week  97at1329.893
2018-01-10 21:41:53.088935{"result":false,"error_code":20016}close long eth_usd this_week  97at1336.542465
2018-01-10 21:41:54.807726{"result":true,"order_id":19018603714}open long eth_usd this_week  19at1329.893
2018-01-10 21:41:54.885858{"result":true,"order_id":19018603872}close long eth_usd this_week  19at1336.542465
2018-01-10 21:41:54.995171{"result":true,"order_id":19018604011}open short eth_usd this_week  19at1329.893
2018-01-10 21:41:55.120191{"result":true,"order_id":19018604184}close short eth_usd this_week  19at1323.243535
2018-01-10 21:44:04.901444{"result":true,"order_id":19018815387}open long eth_usd this_week  102at1328
2018-01-10 21:44:05.043986{"result":true,"order_id":19018815562}close long eth_usd this_week  102at1334.6399999999999
2018-01-10 21:49:51.245158{"result":true,"order_id":19019375392}open long eth_usd this_week  22at1322.881
2018-01-10 21:49:51.370163{"result":true,"order_id":19019375617}close long eth_usd this_week  22at1329.495405
2018-01-10 21:49:51.510796{"result":true,"order_id":19019375760}open short eth_usd this_week  22at1322.881
2018-01-10 21:49:51.620187{"result":true,"order_id":19019376029}close short eth_usd this_week  22at1316.266595
2018-01-10 21:49:52.682663{"result":true,"order_id":19019377701}open long eth_usd this_week  22at1322.869
2018-01-10 21:49:52.792098{"result":true,"order_id":19019377869}close long eth_usd this_week  22at1329.4833449999999
2018-01-10 21:49:52.932689{"result":true,"order_id":19019378125}open short eth_usd this_week  22at1322.869
2018-01-10 21:49:53.026409{"result":true,"order_id":19019378282}close short eth_usd this_week  22at1316.254655
2018-01-10 21:50:00.620221{"result":true,"order_id":19019390431}open long eth_usd this_week  118at1321.351
2018-01-10 21:50:00.729712{"result":true,"order_id":19019390596}close long eth_usd this_week  118at1327.957755
2018-01-10 21:50:52.713886{"result":true,"order_id":19019473475}open long eth_usd this_week  26at1315.5
2018-01-10 21:50:52.823302{"result":true,"order_id":19019473655}close long eth_usd this_week  26at1322.0774999999999
2018-01-10 21:50:52.932654{"result":true,"order_id":19019473813}open short eth_usd this_week  26at1315.5
2018-01-10 21:50:53.042040{"result":true,"order_id":19019473990}close short eth_usd this_week  26at1308.9225
2018-01-10 21:50:54.042052{"result":true,"order_id":19019475661}open long eth_usd this_week  26at1314.743
2018-01-10 21:50:54.245124{"result":true,"order_id":19019475880}close long eth_usd this_week  26at1321.3167149999997
2018-01-10 21:50:54.338898{"result":true,"order_id":19019476150}open short eth_usd this_week  26at1314.743
2018-01-10 21:50:54.448289{"result":true,"order_id":19019476298}close short eth_usd this_week  26at1308.169285
2018-01-10 21:51:01.807670{"result":true,"order_id":19019488209}open long eth_usd this_week  134at1314.743
2018-01-10 21:51:01.933619{"result":true,"order_id":19019488405}close long eth_usd this_week  134at1321.3167149999997
2018-01-10 21:57:38.479788{"result":true,"order_id":19020132886}open long eth_usd this_week  166at1301.444
2018-01-10 21:57:38.573536{"result":true,"order_id":19020133045}close long eth_usd this_week  166at1307.95122
2018-01-10 21:57:39.401683{"result":true,"order_id":19020134453}open long eth_usd this_week  33at1301.445
2018-01-10 21:57:39.495413{"result":true,"order_id":19020134642}close long eth_usd this_week  33at1307.9522249999998
2018-01-10 21:57:39.651697{"result":true,"order_id":19020134866}open short eth_usd this_week  33at1301.445
2018-01-10 21:57:39.761116{"result":true,"order_id":19020135055}close short eth_usd this_week  33at1294.9377749999999
2018-01-10 21:57:40.948561{"result":true,"order_id":19020137062}open long eth_usd this_week  33at1301.445
2018-01-10 21:57:41.042301{"result":true,"order_id":19020137234}close long eth_usd this_week  33at1307.9522249999998
2018-01-10 21:57:41.167310{"result":true,"order_id":19020137416}open short eth_usd this_week  33at1301.445
2018-01-10 21:57:41.261088{"result":true,"order_id":19020137577}close short eth_usd this_week  33at1294.9377749999999
2018-01-10 22:05:25.886095{"result":true,"order_id":19020895157}open long eth_usd this_week  148at1308.944
2018-01-10 22:05:25.979822{"result":true,"order_id":19020895290}close long eth_usd this_week  148at1315.4887199999998
2018-01-10 22:05:27.276638{"result":true,"order_id":19020897531}open long eth_usd this_week  29at1308.944
2018-01-10 22:05:27.432904{"result":true,"order_id":19020897743}close long eth_usd this_week  29at1315.4887199999998
2018-01-10 22:05:27.557942{"result":true,"order_id":19020897942}open short eth_usd this_week  29at1308.944
2018-01-10 22:05:27.651635{"result":true,"order_id":19020898130}close short eth_usd this_week  29at1302.3992799999999
2018-01-10 22:05:28.636042{"result":true,"order_id":19020899791}open long eth_usd this_week  29at1308.944
2018-01-10 22:05:28.745501{"result":true,"order_id":19020899964}close long eth_usd this_week  29at1315.4887199999998
2018-01-10 22:05:28.854821{"result":true,"order_id":19020900169}open short eth_usd this_week  29at1308.944
2018-01-10 22:05:28.932993{"result":true,"order_id":19020900359}close short eth_usd this_week  29at1302.3992799999999
2018-01-10 22:23:33.292022{"result":true,"order_id":19022667618}open long eth_usd this_week  170at1300.001
2018-01-10 22:23:33.385796{"result":true,"order_id":19022667774}close long eth_usd this_week  170at1306.5010049999999
2018-01-10 22:23:34.323206{"result":true,"order_id":19022669181}open long eth_usd this_week  35at1297.905
2018-01-10 22:23:34.417025{"result":true,"order_id":19022669344}close long eth_usd this_week  35at1304.394525
2018-01-10 22:23:34.526379{"result":true,"order_id":19022669522}open short eth_usd this_week  35at1297.905
2018-01-10 22:23:34.620096{"result":true,"order_id":19022669703}close short eth_usd this_week  35at1291.415475
2018-01-10 22:23:36.182596{"result":true,"order_id":19022672140}open long eth_usd this_week  35at1297.905
2018-01-10 22:23:36.307724{"result":true,"order_id":19022672361}close long eth_usd this_week  35at1304.394525
2018-01-10 22:23:36.385765{"result":true,"order_id":19022672518}open short eth_usd this_week  35at1297.905
2018-01-10 22:23:36.542022{"result":true,"order_id":19022672737}close short eth_usd this_week  35at1291.415475
2018-01-10 22:25:18.370111{"result":true,"order_id":19022837844}open long eth_usd this_week  31at1304.4
2018-01-10 22:25:18.479513{"result":true,"order_id":19022838038}close long eth_usd this_week  31at1310.922
2018-01-10 22:25:18.573283{"result":true,"order_id":19022838195}open short eth_usd this_week  31at1304.4
2018-01-10 22:25:18.698262{"result":true,"order_id":19022838412}close short eth_usd this_week  31at1297.8780000000002
2018-01-10 22:25:26.416957{"result":true,"order_id":19022851327}open long eth_usd this_week  31at1304.4
2018-01-10 22:25:26.510670{"result":true,"order_id":19022851512}close long eth_usd this_week  31at1310.922
2018-01-10 22:25:26.635677{"result":true,"order_id":19022851737}open short eth_usd this_week  31at1304.4
2018-01-10 22:25:26.745067{"result":true,"order_id":19022851888}close short eth_usd this_week  31at1297.8780000000002
2018-01-10 22:26:26.401434{"result":true,"order_id":19022947763}open long eth_usd this_week  151at1307.586
2018-01-10 22:26:26.552742{"result":true,"order_id":19022947902}close long eth_usd this_week  151at1314.12393
2018-01-10 22:38:38.026439{"result":true,"order_id":19024133268}open long eth_usd this_week  167at1301
2018-01-10 22:38:38.143563{"result":true,"order_id":19024133464}close long eth_usd this_week  167at1307.5049999999999
2018-01-10 22:39:30.034192{"result":true,"order_id":19024220730}open long eth_usd this_week  35at1297.872
2018-01-10 22:39:30.135838{"result":true,"order_id":19024220942}close long eth_usd this_week  35at1304.3613599999999
2018-01-10 22:39:30.292106{"result":true,"order_id":19024221119}open short eth_usd this_week  35at1297.872
2018-01-10 22:39:30.401434{"result":true,"order_id":19024221321}close short eth_usd this_week  35at1291.38264
2018-01-10 22:39:32.010798{"result":true,"order_id":19024224081}open long eth_usd this_week  35at1297.872
2018-01-10 22:39:32.120158{"result":true,"order_id":19024224296}close long eth_usd this_week  35at1304.3613599999999
2018-01-10 22:39:32.229537{"result":true,"order_id":19024224498}open short eth_usd this_week  35at1297.872
2018-01-10 22:39:32.338934{"result":true,"order_id":19024224677}close short eth_usd this_week  35at1291.38264
2018-01-10 22:39:59.557681{"result":true,"order_id":19024271038}open long eth_usd this_week  192at1290.728
2018-01-10 22:39:59.670907{"result":true,"order_id":19024271223}close long eth_usd this_week  192at1297.18164
2018-01-10 22:40:00.932696{"result":true,"order_id":19024273344}open long eth_usd this_week  38at1290.728
2018-01-10 22:40:01.104597{"result":true,"order_id":19024273539}close long eth_usd this_week  38at1297.18164
2018-01-10 22:40:01.229538{"result":true,"order_id":19024273877}open short eth_usd this_week  38at1290.728
2018-01-10 22:40:01.338909{"result":true,"order_id":19024274080}close short eth_usd this_week  38at1284.2743600000001
2018-01-10 22:40:02.854607{"result":true,"order_id":19024276289}open long eth_usd this_week  38at1290.728
2018-01-10 22:40:02.979599{"result":true,"order_id":19024276476}close long eth_usd this_week  38at1297.18164
2018-01-10 22:40:03.088922{"result":true,"order_id":19024276653}open short eth_usd this_week  38at1290.728
2018-01-10 22:40:03.213916{"result":true,"order_id":19024276821}close short eth_usd this_week  38at1284.2743600000001
2018-01-10 22:44:13.885956{"result":true,"order_id":19024699870}open long eth_usd this_week  209at1283.975
2018-01-10 22:44:14.016785{"result":true,"order_id":19024700066}close long eth_usd this_week  209at1290.3948749999997
2018-01-10 22:44:15.354806{"result":true,"order_id":19024702429}open long eth_usd this_week  41at1283.975
2018-01-10 22:44:15.448557{"result":true,"order_id":19024702617}close long eth_usd this_week  41at1290.3948749999997
2018-01-10 22:44:15.557872{"result":true,"order_id":19024702797}open short eth_usd this_week  41at1283.975
2018-01-10 22:44:15.667241{"result":true,"order_id":19024702955}close short eth_usd this_week  41at1277.5551249999999
2018-01-10 22:44:17.339100{"result":true,"order_id":19024705838}open long eth_usd this_week  41at1283.975
2018-01-10 22:44:17.557849{"result":true,"order_id":19024706124}close long eth_usd this_week  41at1290.3948749999997
2018-01-10 22:44:17.698480{"result":true,"order_id":19024706436}open short eth_usd this_week  41at1283.975
2018-01-10 22:44:17.792262{"result":false,"error_code":20016}close short eth_usd this_week  41at1277.5551249999999
2018-01-10 22:44:34.417242{"result":true,"order_id":19024736277}open long eth_usd this_week  240at1270.823
2018-01-10 22:44:34.504099{"result":true,"order_id":19024736467}close long eth_usd this_week  240at1277.177115
2018-01-10 22:44:36.104749{"result":true,"order_id":19024739230}open long eth_usd this_week  48at1270.823
2018-01-10 22:44:36.214203{"result":true,"order_id":19024739403}close long eth_usd this_week  48at1277.177115
2018-01-10 22:44:36.339174{"result":true,"order_id":19024739603}open short eth_usd this_week  48at1270.823
2018-01-10 22:44:36.417214{"result":false,"error_code":20016}close short eth_usd this_week  48at1264.468885
2018-01-10 22:44:38.214099{"result":true,"order_id":19024742866}open long eth_usd this_week  48at1270.651
2018-01-10 22:44:38.323492{"result":true,"order_id":19024743071}close long eth_usd this_week  48at1277.0042549999998
2018-01-10 22:44:38.448536{"result":true,"order_id":19024743287}open short eth_usd this_week  48at1270.651
2018-01-10 22:44:38.542205{"result":false,"error_code":20016}close short eth_usd this_week  48at1264.297745
2018-01-10 22:45:47.620369{"result":true,"order_id":19024862410}open long eth_usd this_week  44at1278.004
2018-01-10 22:45:47.729752{"result":true,"order_id":19024862575}close long eth_usd this_week  44at1284.3940199999997
2018-01-10 22:45:49.870346{"result":true,"order_id":19024866154}open long eth_usd this_week  43at1280.019
2018-01-10 22:45:49.964172{"result":true,"order_id":19024866360}close long eth_usd this_week  43at1286.419095
2018-01-10 22:45:55.886010{"result":true,"order_id":19024876669}open long eth_usd this_week  215at1281.15
2018-01-10 22:45:55.979754{"result":true,"order_id":19024876812}close long eth_usd this_week  215at1287.55575
2018-01-10 22:46:06.245319{"result":true,"order_id":19024893801}open long eth_usd this_week  195at1289.754
2018-01-10 22:46:06.355676{"result":true,"order_id":19024893991}close long eth_usd this_week  195at1296.2027699999999
2018-01-10 22:46:08.136005{"result":true,"order_id":19024896859}open long eth_usd this_week  39at1289.754
2018-01-10 22:46:08.260943{"result":true,"order_id":19024897060}close long eth_usd this_week  39at1296.2027699999999
2018-01-10 22:46:08.401610{"result":true,"order_id":19024897235}open short eth_usd this_week  39at1289.754
2018-01-10 22:46:08.526615{"result":true,"order_id":19024897474}close short eth_usd this_week  39at1283.30523
2018-01-10 22:46:16.604768{"result":true,"order_id":19024910547}open long eth_usd this_week  211at1283
2018-01-10 22:46:16.714152{"result":true,"order_id":19024910730}close long eth_usd this_week  211at1289.415
2018-01-10 22:46:18.823521{"result":true,"order_id":19024914452}open long eth_usd this_week  42at1283
2018-01-10 22:46:18.948486{"result":true,"order_id":19024914622}close long eth_usd this_week  42at1289.415
2018-01-10 22:46:19.042260{"result":true,"order_id":19024914810}open short eth_usd this_week  42at1283
2018-01-10 22:46:19.182854{"result":true,"order_id":19024915006}close short eth_usd this_week  42at1276.585
2018-01-10 22:49:53.792202{"result":true,"order_id":19025277817}open long eth_usd this_week  40at1287.001
2018-01-10 22:49:53.885998{"result":true,"order_id":19025277993}close long eth_usd this_week  40at1293.4360049999998
2018-01-10 22:50:54.995305{"result":true,"order_id":19025380990}open long eth_usd this_week  43at1280.01
2018-01-10 22:50:55.089089{"result":true,"order_id":19025381171}close long eth_usd this_week  43at1286.41005
2018-01-10 22:50:55.182854{"result":true,"order_id":19025381346}open short eth_usd this_week  43at1280.01
2018-01-10 22:50:55.307863{"result":true,"order_id":19025381486}close short eth_usd this_week  43at1273.60995
2018-01-10 22:54:31.979775{"result":true,"order_id":19025747720}open long eth_usd this_week  40at1287.001
2018-01-10 22:54:32.104782{"result":true,"order_id":19025748004}close long eth_usd this_week  40at1293.4360049999998
2018-01-10 22:54:47.385985{"result":true,"order_id":19025774407}open long eth_usd this_week  38at1290.394
2018-01-10 22:54:47.542242{"result":true,"order_id":19025774658}close long eth_usd this_week  38at1296.8459699999999
2018-01-10 22:54:47.651641{"result":true,"order_id":19025774841}open short eth_usd this_week  38at1290.394
2018-01-10 22:54:47.745385{"result":true,"order_id":19025775036}close short eth_usd this_week  38at1283.94203
2018-01-10 22:54:47.964090{"result":true,"order_id":19025775421}open long eth_usd this_week  193at1290.394
2018-01-10 22:54:48.062724{"result":true,"order_id":19025775612}close long eth_usd this_week  193at1296.8459699999999
2018-01-10 22:56:34.026627{"result":true,"order_id":19025955279}open long eth_usd this_week  36at1295
2018-01-10 22:56:34.120416{"result":true,"order_id":19025955456}close long eth_usd this_week  36at1301.475
2018-01-10 22:56:34.229946{"result":true,"order_id":19025955628}open short eth_usd this_week  36at1295
2018-01-10 22:56:34.339176{"result":true,"order_id":19025955809}close short eth_usd this_week  36at1288.525
2018-01-10 22:56:49.807902{"result":true,"order_id":19025981091}open long eth_usd this_week  34at1299.833
2018-01-10 22:56:49.917257{"result":true,"order_id":19025981232}close long eth_usd this_week  34at1306.332165
2018-01-10 22:56:50.011027{"result":true,"order_id":19025981403}open short eth_usd this_week  34at1299.833
2018-01-10 22:56:50.089126{"result":true,"order_id":19025981554}close short eth_usd this_week  34at1293.3338350000001
2018-01-10 22:56:50.198503{"result":true,"order_id":19025981618}open long eth_usd this_week  170at1299.833
2018-01-10 22:56:50.323441{"result":true,"order_id":19025981935}close long eth_usd this_week  170at1306.332165
2018-01-10 22:59:22.651859{"result":true,"order_id":19026237404}open long eth_usd this_week  38at1291.254
2018-01-10 22:59:22.776702{"result":true,"order_id":19026237606}close long eth_usd this_week  38at1297.7102699999998
2018-01-10 22:59:22.886073{"result":true,"order_id":19026237804}open short eth_usd this_week  38at1291.254
2018-01-10 22:59:22.948546{"result":true,"order_id":19026237906}open long eth_usd this_week  191at1291.254
2018-01-10 22:59:23.042308{"result":true,"order_id":19026238032}close short eth_usd this_week  38at1284.79773
2018-01-10 22:59:23.062736{"result":true,"order_id":19026238113}close long eth_usd this_week  191at1297.7102699999998
2018-01-10 23:02:15.760841{"result":true,"order_id":19026530018}open long eth_usd this_week  33at1300.41
2018-01-10 23:02:15.870226{"result":true,"order_id":19026530223}close long eth_usd this_week  33at1306.91205
2018-01-10 23:02:15.979629{"result":true,"order_id":19026530458}open short eth_usd this_week  33at1300.41
2018-01-10 23:02:16.104607{"result":true,"order_id":19026530687}close short eth_usd this_week  33at1293.90795
2018-01-10 23:02:19.167098{"result":true,"order_id":19026536291}open long eth_usd this_week  175at1297.774
2018-01-10 23:02:19.291060{"result":true,"order_id":19026536523}close long eth_usd this_week  175at1304.2628699999998
2018-01-10 23:02:40.370208{"result":true,"order_id":19026573768}open long eth_usd this_week  33at1301.733
2018-01-10 23:02:40.479598{"result":true,"order_id":19026573920}close long eth_usd this_week  33at1308.2416649999998
2018-01-10 23:02:40.604597{"result":true,"order_id":19026574095}open short eth_usd this_week  33at1301.733
2018-01-10 23:02:40.698350{"result":true,"order_id":19026574338}close short eth_usd this_week  33at1295.2243349999999
2018-01-10 23:04:11.073374{"result":true,"order_id":19026726499}open long eth_usd this_week  154at1306.331
2018-01-10 23:04:11.172897{"result":true,"order_id":19026726693}close long eth_usd this_week  154at1312.8626549999997
2018-01-10 23:04:53.042049{"result":true,"order_id":19026799181}open long eth_usd this_week  29at1309
2018-01-10 23:04:53.151438{"result":true,"order_id":19026799369}close long eth_usd this_week  29at1315.5449999999998
2018-01-10 23:04:53.260795{"result":true,"order_id":19026799577}open short eth_usd this_week  29at1309
2018-01-10 23:04:53.401459{"result":true,"order_id":19026799757}close short eth_usd this_week  29at1302.455
2018-01-10 23:04:58.807735{"result":true,"order_id":19026808868}open long eth_usd this_week  30at1308.367
2018-01-10 23:04:58.932686{"result":true,"order_id":19026809076}close long eth_usd this_week  30at1314.9088349999997
2018-01-10 23:04:59.042200{"result":true,"order_id":19026809267}open short eth_usd this_week  30at1308.367
2018-01-10 23:04:59.135917{"result":true,"order_id":19026809449}close short eth_usd this_week  30at1301.825165
2018-01-10 23:08:04.979618{"result":true,"order_id":19027126396}open long eth_usd this_week  138at1313.302
2018-01-10 23:08:05.088977{"result":true,"order_id":19027126605}close long eth_usd this_week  138at1319.8685099999998
2018-01-10 23:08:35.620205{"result":true,"order_id":19027178379}open long eth_usd this_week  26at1315.488
2018-01-10 23:08:35.698301{"result":true,"order_id":19027178488}close long eth_usd this_week  26at1322.0654399999999
2018-01-10 23:08:35.838929{"result":true,"order_id":19027178680}open short eth_usd this_week  26at1315.488
2018-01-10 23:08:35.979547{"result":true,"order_id":19027178927}close short eth_usd this_week  26at1308.91056
2018-01-10 23:08:47.104562{"result":true,"order_id":19027198061}open long eth_usd this_week  26at1316
2018-01-10 23:08:47.229590{"result":true,"order_id":19027198300}close long eth_usd this_week  26at1322.58
2018-01-10 23:08:47.323315{"result":true,"order_id":19027198483}open short eth_usd this_week  26at1316
2018-01-10 23:08:47.432698{"result":true,"order_id":19027198703}close short eth_usd this_week  26at1309.42
2018-01-10 23:08:56.385810{"result":true,"order_id":19027214010}open long eth_usd this_week  30at1306.885
2018-01-10 23:08:56.495210{"result":true,"order_id":19027214208}close long eth_usd this_week  30at1313.4194249999998
2018-01-10 23:08:56.651468{"result":true,"order_id":19027214442}open short eth_usd this_week  30at1306.885
2018-01-10 23:08:56.776517{"result":true,"order_id":19027214682}close short eth_usd this_week  30at1300.350575
2018-01-10 23:09:07.073358{"result":true,"order_id":19027231556}open long eth_usd this_week  25at1316.755
2018-01-10 23:09:07.167143{"result":true,"order_id":19027231727}close long eth_usd this_week  25at1323.338775
2018-01-10 23:09:07.292080{"result":true,"order_id":19027231901}open short eth_usd this_week  25at1316.755
2018-01-10 23:09:07.479558{"result":true,"order_id":19027232171}close short eth_usd this_week  25at1310.171225
2018-01-10 23:10:50.729760{"result":true,"order_id":19027408090}open long eth_usd this_week  118at1321.316
2018-01-10 23:10:50.847678{"result":true,"order_id":19027408289}close long eth_usd this_week  118at1327.92258
2018-01-10 23:10:59.604604{"result":true,"order_id":19027423588}open long eth_usd this_week  22at1322.87
2018-01-10 23:10:59.760895{"result":true,"order_id":19027423829}close long eth_usd this_week  22at1329.4843499999997
2018-01-10 23:10:59.979660{"result":true,"order_id":19027424198}open short eth_usd this_week  22at1322.87
2018-01-10 23:11:00.104553{"result":true,"order_id":19027424433}close short eth_usd this_week  22at1316.2556499999998
2018-01-10 23:11:09.448348{"result":true,"order_id":19027440309}open long eth_usd this_week  22at1324.628
2018-01-10 23:11:09.542080{"result":true,"order_id":19027440506}close long eth_usd this_week  22at1331.2511399999999
2018-01-10 23:11:09.713947{"result":true,"order_id":19027440737}open short eth_usd this_week  22at1324.628
2018-01-10 23:11:09.885841{"result":true,"order_id":19027441120}close short eth_usd this_week  22at1318.00486
2018-01-10 23:11:20.120205{"result":true,"order_id":19027458821}open long eth_usd this_week  18at1332.07
2018-01-10 23:11:20.245175{"result":true,"order_id":19027459000}close long eth_usd this_week  18at1338.7303499999998
2018-01-10 23:11:20.354562{"result":true,"order_id":19027459206}open short eth_usd this_week  18at1332.07
2018-01-10 23:11:20.464025{"result":true,"order_id":19027459372}close short eth_usd this_week  18at1325.4096499999998
2018-01-10 23:11:21.385797{"result":true,"order_id":19027461009}open long eth_usd this_week  92at1332.07
2018-01-10 23:11:21.463945{"result":true,"order_id":19027461172}close long eth_usd this_week  92at1338.7303499999998
2018-01-10 23:11:23.510783{"result":true,"order_id":19027464769}open long eth_usd this_week  18at1332.07
2018-01-10 23:11:23.651478{"result":true,"order_id":19027464994}close long eth_usd this_week  18at1338.7303499999998
2018-01-10 23:11:23.776395{"result":true,"order_id":19027465200}open short eth_usd this_week  18at1332.07
2018-01-10 23:11:23.885839{"result":true,"order_id":19027465446}close short eth_usd this_week  18at1325.4096499999998
2018-01-10 23:13:53.057674{"result":true,"order_id":19027721232}open long eth_usd this_week  21at1325.062
2018-01-10 23:13:53.151434{"result":true,"order_id":19027721408}close long eth_usd this_week  21at1331.6873099999998
2018-01-10 23:13:53.245154{"result":true,"order_id":19027721569}open short eth_usd this_week  21at1325.062
2018-01-10 23:13:53.354589{"result":true,"order_id":19027721740}close short eth_usd this_week  21at1318.43669
2018-01-10 23:13:54.588931{"result":true,"order_id":19027723880}open long eth_usd this_week  109at1324.998
2018-01-10 23:13:54.682739{"result":true,"order_id":19027724033}close long eth_usd this_week  109at1331.6229899999998
2018-01-10 23:13:56.526448{"result":true,"order_id":19027727171}open long eth_usd this_week  22at1323.89
2018-01-10 23:13:56.635797{"result":true,"order_id":19027727362}close long eth_usd this_week  22at1330.50945
2018-01-10 23:13:56.713947{"result":true,"order_id":19027727530}open short eth_usd this_week  22at1323.89
2018-01-10 23:13:56.823306{"result":true,"order_id":19027727764}close short eth_usd this_week  22at1317.2705500000002
2018-01-10 23:33:12.010868{"result":true,"order_id":19029674883}open long eth_usd this_week  105at1326.962
2018-01-10 23:33:12.139910{"result":true,"order_id":19029675062}close long eth_usd this_week  105at1333.5968099999998
2018-01-10 23:35:14.073391{"result":true,"order_id":19029883607}open long eth_usd this_week  139at1312.688
2018-01-10 23:35:14.167105{"result":true,"order_id":19029883760}close long eth_usd this_week  139at1319.25144
2018-01-10 23:35:24.417182{"result":true,"order_id":19029901246}open long eth_usd this_week  119at1320.907
2018-01-10 23:35:24.510909{"result":true,"order_id":19029901406}close long eth_usd this_week  119at1327.5115349999999
2018-01-10 23:40:09.167128{"result":true,"order_id":19030394603}open long eth_usd this_week  96at1330.368
2018-01-10 23:40:09.292137{"result":true,"order_id":19030394891}close long eth_usd this_week  96at1337.0198399999997
2018-01-10 23:46:04.713970{"result":true,"order_id":19031014327}open long eth_usd this_week  80at1337.12
2018-01-10 23:46:04.792117{"result":true,"order_id":19031014515}close long eth_usd this_week  80at1343.8055999999997
2018-01-10 23:59:53.307716{"result":true,"order_id":19032521547}open long eth_usd this_week  97at1330
2018-01-10 23:59:53.418041{"result":true,"order_id":19032521724}close long eth_usd this_week  97at1336.6499999999999
2018-01-10 23:59:53.557747{"result":false,"error_code":20016}close long eth_usd this_week  485at1336.6499999999999
2018-01-11 00:01:14.917125{"result":true,"order_id":19032667714}open long eth_usd this_week  80at1336.92
2018-01-11 00:01:15.010842{"result":true,"order_id":19032667874}close long eth_usd this_week  80at1343.6046
2018-01-11 00:06:50.010865{"result":true,"order_id":19033291312}open long eth_usd this_week  102at1327.966
2018-01-11 00:06:50.120490{"result":true,"order_id":19033291513}close long eth_usd this_week  102at1334.6058299999997
2018-01-11 00:07:30.807869{"result":true,"order_id":19033366548}open long eth_usd this_week  122at1319.696
2018-01-11 00:07:30.901519{"result":true,"order_id":19033366713}close long eth_usd this_week  122at1326.2944799999998
2018-01-11 00:09:42.995198{"result":true,"order_id":19033612890}open long eth_usd this_week  138at1313
2018-01-11 00:09:43.104589{"result":true,"order_id":19033613085}close long eth_usd this_week  138at1319.5649999999998
2018-01-11 13:09:22.135920{"result":false,"error_code":20016}close long eth_usd this_week  1000at1208.651
2018-01-11 13:10:06.074680{"result":true,"order_id":19113572817}open long eth_usd this_week  1000at1214
2018-01-11 21:39:23.714016{"result":true,"order_id":19163762359}close short eth_usd this_week  1000at1168.001
2018-01-11 23:06:07.285478{"result":true,"order_id":19172828210}open short eth_usd this_week  2000at1217.23
2018-01-11 23:06:58.026692{"result":true,"order_id":19172917928}close short eth_usd this_week  2000at1193.839
2018-01-11 23:08:57.151819{"result":true,"order_id":19173133184}close long eth_usd this_week  900at1211.47
2018-01-11 23:13:28.979631{"result":true,"order_id":19173612242}close short eth_usd this_week  1000at1200
2018-01-11 23:14:53.042056{"result":true,"order_id":19173767199}close short eth_usd this_week  1000at1206.219
2018-01-11 23:30:54.901482{"result":true,"order_id":19175477550}open short eth_usd this_week  1000at1219.449
